<?xml version="1.0" encoding="UTF-8"?>
<!-- Generated by org.testng.reporters.JUnitReportReporter -->
<testsuite skipped="0" hostname="USMUMABASHIR2MB" name="com.inetbanking.testCases.TC_LoginTest_001" tests="1" failures="0" timestamp="30 May 2021 14:48:26 GMT" time="2.295" errors="0">
  <testcase name="loginTest" time="2.295" classname="com.inetbanking.testCases.TC_LoginTest_001"/>
</testsuite> <!-- com.inetbanking.testCases.TC_LoginTest_001 -->
