<?xml version="1.0" encoding="UTF-8"?>
<!-- Generated by org.testng.reporters.JUnitReportReporter -->
<testsuite skipped="0" hostname="USMUMABASHIR2MB" name="com.inetbanking.testCases.TC_LoginTest_001" tests="1" failures="0" timestamp="30 May 2021 15:01:11 GMT" time="1.855" errors="0">
  <testcase name="loginTest" time="1.855" classname="com.inetbanking.testCases.TC_LoginTest_001"/>
</testsuite> <!-- com.inetbanking.testCases.TC_LoginTest_001 -->
