<?xml version="1.0" encoding="UTF-8"?>
<!-- Generated by org.testng.reporters.JUnitReportReporter -->
<testsuite skipped="0" hostname="USMUMABASHIR2MB" name="com.inetbanking.testCases.TC_AddCustomerTest_003" tests="1" failures="0" timestamp="24 May 2021 11:32:19 GMT" time="11.898" errors="0">
  <testcase name="addNewCustomer" time="11.898" classname="com.inetbanking.testCases.TC_AddCustomerTest_003"/>
</testsuite> <!-- com.inetbanking.testCases.TC_AddCustomerTest_003 -->
